<?xml version="1.0" encoding="UTF-8"?>
<!-- Generated by org.testng.reporters.JUnitReportReporter -->
<testsuite hostname="DESKTOP-180JRP7" failures="0" tests="3" name="com.test.AkabarTravels" time="13.277" errors="0" timestamp="2023-01-30T23:16:36 IST" skipped="0">
  <testcase classname="com.test.AkabarTravels" name="selectFrom" time="8.837"/>
  <system-out/>
  <testcase classname="com.test.AkabarTravels" name="selectTo" time="3.528"/>
  <system-out/>
  <testcase classname="com.test.AkabarTravels" name="selectedPlaces" time="0.912"/>
  <system-out/>
</testsuite> <!-- com.test.AkabarTravels -->
